<?xml version="1.0" encoding="UTF-8"?>
<!-- Generated by org.testng.reporters.JUnitReportReporter -->
<testsuite hostname="qa.glassbeam.com" name="TestNGSimpleTest" tests="1" failures="0" timestamp="25 Dec 2013 20:22:16 GMT" time="0.012" errors="0">
  <testcase name="testAdd" time="0.012" classname="TestNGSimpleTest"/>
</testsuite> <!-- TestNGSimpleTest -->
