<?xml version="1.0" encoding="UTF-8"?>
<!-- Generated by org.testng.reporters.JUnitReportReporter -->
<testsuite hostname="qa.glassbeam.com" name="com.glassbeam.app.AppTest" tests="1" failures="0" timestamp="26 Dec 2013 17:51:33 GMT" time="0.001" errors="0">
  <testcase name="testApp" time="0.001" classname="com.glassbeam.app.AppTest"/>
</testsuite> <!-- com.glassbeam.app.AppTest -->
