<?xml version="1.0" encoding="UTF-8"?>
<!-- Generated by org.testng.reporters.JUnitReportReporter -->
<testsuite hostname="qa.glassbeam.com" name="TestNGSimpleTest" tests="1" failures="0" timestamp="10 Jan 2014 07:23:49 GMT" time="0.015" errors="0">
  <testcase name="testAdd" time="0.015" classname="TestNGSimpleTest"/>
</testsuite> <!-- TestNGSimpleTest -->
