<?xml version="1.0" encoding="UTF-8"?>
<!-- Generated by org.testng.reporters.JUnitReportReporter -->
<testsuite hostname="qa.glassbeam.com" name="TestNGSimpleTest1" tests="1" failures="0" timestamp="10 Jan 2014 07:23:49 GMT" time="1.576" errors="0">
  <testcase name="testAdd" time="1.576" classname="TestNGSimpleTest1"/>
</testsuite> <!-- TestNGSimpleTest1 -->
